{"name": "test_products_group", "status": "broken", "statusDetails": {"message": "selenium.common.exceptions.ElementClickInterceptedException: Message: element click intercepted: Element <a href=\"https://testqastudio.me?products_group=sale\" class=\"tab-sale \">...</a> is not clickable at point (708, 748). Other element would receive the click: <div class=\"catalog-toolbar-tabs__content\">...</div>\n  (Session info: chrome=125.0.6422.61)\nStacktrace:\n\tGetHandleVerifier [0x00007FF654BC1F52+60322]\n\t(No symbol) [0x00007FF654B3CEC9]\n\t(No symbol) [0x00007FF6549F7EBA]\n\t(No symbol) [0x00007FF654A4F32E]\n\t(No symbol) [0x00007FF654A4CCF2]\n\t(No symbol) [0x00007FF654A4A18B]\n\t(No symbol) [0x00007FF654A49356]\n\t(No symbol) [0x00007FF654A3B491]\n\t(No symbol) [0x00007FF654A6C21A]\n\t(No symbol) [0x00007FF654A3ADB6]\n\t(No symbol) [0x00007FF654A6C430]\n\t(No symbol) [0x00007FF654A8BC80]\n\t(No symbol) [0x00007FF654A6BFC3]\n\t(No symbol) [0x00007FF654A39617]\n\t(No symbol) [0x00007FF654A3A211]\n\tGetHandleVerifier [0x00007FF654ED949D+3301613]\n\tGetHandleVerifier [0x00007FF654F236C3+3605267]\n\tGetHandleVerifier [0x00007FF654F19440+3563664]\n\tGetHandleVerifier [0x00007FF654C74326+790390]\n\t(No symbol) [0x00007FF654B4750F]\n\t(No symbol) [0x00007FF654B43404]\n\t(No symbol) [0x00007FF654B43592]\n\t(No symbol) [0x00007FF654B32F9F]\n\tBaseThreadInitThunk [0x00007FF8C044257D+29]\n\tRtlUserThreadStart [0x00007FF8C210AA48+40]", "trace": "tests\\test_shop.py:47: in test_products_group\n    element.click()\n        browser    = <selenium.webdriver.chrome.webdriver.WebDriver (session=\"2b0eaaf52acf228aa3c199de6d71b95d\")>\n        element    = <selenium.webdriver.remote.webelement.WebElement (session=\"2b0eaaf52acf228aa3c199de6d71b95d\", element=\"f.B12159C738E023222DF5C7288889F63B.d.DA6832FDB742D61B6D3B1F654F9E090E.e.116\")>\n        elements   = [<selenium.webdriver.remote.webelement.WebElement (session=\"2b0eaaf52acf228aa3c199de6d71b95d\", element=\"f.B12159C738E0...0eaaf52acf228aa3c199de6d71b95d\", element=\"f.B12159C738E023222DF5C7288889F63B.d.CB37BF1B751B0AFA9F25907EFA08414C.e.7\")>]\n        expected_menu = [('Все', '', \"[class='tab-all active']\"), ('Бестселлеры', '/?products_group=best_sellers', \"[class='tab-best_sellers '... '/?products_group=new', \"[class='tab-new ']\"), ('Распродажа товаров', '/?products_group=sale', \"[class='tab-sale ']\")]\n        item       = ('Распродажа товаров', '/?products_group=sale', \"[class='tab-sale ']\")\n        menu_element = \"[class='catalog-toolbar-tabs__content'] a\"\nenv\\Lib\\site-packages\\selenium\\webdriver\\remote\\webelement.py:94: in click\n    self._execute(Command.CLICK_ELEMENT)\n        self       = <selenium.webdriver.remote.webelement.WebElement (session=\"2b0eaaf52acf228aa3c199de6d71b95d\", element=\"f.B12159C738E023222DF5C7288889F63B.d.DA6832FDB742D61B6D3B1F654F9E090E.e.116\")>\nenv\\Lib\\site-packages\\selenium\\webdriver\\remote\\webelement.py:395: in _execute\n    return self._parent.execute(command, params)\n        command    = 'clickElement'\n        params     = {'id': 'f.B12159C738E023222DF5C7288889F63B.d.DA6832FDB742D61B6D3B1F654F9E090E.e.116'}\n        self       = <selenium.webdriver.remote.webelement.WebElement (session=\"2b0eaaf52acf228aa3c199de6d71b95d\", element=\"f.B12159C738E023222DF5C7288889F63B.d.DA6832FDB742D61B6D3B1F654F9E090E.e.116\")>\nenv\\Lib\\site-packages\\selenium\\webdriver\\remote\\webdriver.py:347: in execute\n    self.error_handler.check_response(response)\n        driver_command = 'clickElement'\n        params     = {}\n        response   = {'status': 400, 'value': '{\"value\":{\"error\":\"element click intercepted\",\"message\":\"element click intercepted: Element ...07FF654B32F9F]\\\\n\\\\tBaseThreadInitThunk [0x00007FF8C044257D+29]\\\\n\\\\tRtlUserThreadStart [0x00007FF8C210AA48+40]\\\\n\"}}'}\n        self       = <selenium.webdriver.chrome.webdriver.WebDriver (session=\"2b0eaaf52acf228aa3c199de6d71b95d\")>\nenv\\Lib\\site-packages\\selenium\\webdriver\\remote\\errorhandler.py:229: in check_response\n    raise exception_class(message, screen, stacktrace)\nE   selenium.common.exceptions.ElementClickInterceptedException: Message: element click intercepted: Element <a href=\"https://testqastudio.me?products_group=sale\" class=\"tab-sale \">...</a> is not clickable at point (708, 748). Other element would receive the click: <div class=\"catalog-toolbar-tabs__content\">...</div>\nE     (Session info: chrome=125.0.6422.61)\nE   Stacktrace:\nE   \tGetHandleVerifier [0x00007FF654BC1F52+60322]\nE   \t(No symbol) [0x00007FF654B3CEC9]\nE   \t(No symbol) [0x00007FF6549F7EBA]\nE   \t(No symbol) [0x00007FF654A4F32E]\nE   \t(No symbol) [0x00007FF654A4CCF2]\nE   \t(No symbol) [0x00007FF654A4A18B]\nE   \t(No symbol) [0x00007FF654A49356]\nE   \t(No symbol) [0x00007FF654A3B491]\nE   \t(No symbol) [0x00007FF654A6C21A]\nE   \t(No symbol) [0x00007FF654A3ADB6]\nE   \t(No symbol) [0x00007FF654A6C430]\nE   \t(No symbol) [0x00007FF654A8BC80]\nE   \t(No symbol) [0x00007FF654A6BFC3]\nE   \t(No symbol) [0x00007FF654A39617]\nE   \t(No symbol) [0x00007FF654A3A211]\nE   \tGetHandleVerifier [0x00007FF654ED949D+3301613]\nE   \tGetHandleVerifier [0x00007FF654F236C3+3605267]\nE   \tGetHandleVerifier [0x00007FF654F19440+3563664]\nE   \tGetHandleVerifier [0x00007FF654C74326+790390]\nE   \t(No symbol) [0x00007FF654B4750F]\nE   \t(No symbol) [0x00007FF654B43404]\nE   \t(No symbol) [0x00007FF654B43592]\nE   \t(No symbol) [0x00007FF654B32F9F]\nE   \tBaseThreadInitThunk [0x00007FF8C044257D+29]\nE   \tRtlUserThreadStart [0x00007FF8C210AA48+40]\n        e          = <selenium.webdriver.remote.errorhandler.ErrorCode object at 0x00000149683552E0>\n        error_code = 'ELEMENT_CLICK_INTERCEPTED'\n        error_codes = ['ELEMENT_CLICK_INTERCEPTED', 'ELEMENT_IS_NOT_SELECTABLE', 'ELEMENT_NOT_INTERACTABLE', 'ELEMENT_NOT_VISIBLE', 'IME_ENGINE_ACTIVATION_FAILED', 'IME_NOT_AVAILABLE', ...]\n        error_info = [64, 'element click intercepted']\n        exception_class = <class 'selenium.common.exceptions.ElementClickInterceptedException'>\n        json       = <module 'json' from 'C:\\\\Users\\\\salyk\\\\AppData\\\\Local\\\\Programs\\\\Python\\\\Python312\\\\Lib\\\\json\\\\__init__.py'>\n        message    = 'element click intercepted: Element <a href=\"https://testqastudio.me?products_group=sale\" class=\"tab-sale \">...</a> is... would receive the click: <div class=\"catalog-toolbar-tabs__content\">...</div>\\n  (Session info: chrome=125.0.6422.61)'\n        response   = {'status': 400, 'value': '{\"value\":{\"error\":\"element click intercepted\",\"message\":\"element click intercepted: Element ...07FF654B32F9F]\\\\n\\\\tBaseThreadInitThunk [0x00007FF8C044257D+29]\\\\n\\\\tRtlUserThreadStart [0x00007FF8C210AA48+40]\\\\n\"}}'}\n        screen     = None\n        self       = <selenium.webdriver.remote.errorhandler.ErrorHandler object at 0x0000014965EA1DF0>\n        st_value   = '\\tGetHandleVerifier [0x00007FF654BC1F52+60322]\\n\\t(No symbol) [0x00007FF654B3CEC9]\\n\\t(No symbol) [0x00007FF6549F7EBA...l) [0x00007FF654B32F9F]\\n\\tBaseThreadInitThunk [0x00007FF8C044257D+29]\\n\\tRtlUserThreadStart [0x00007FF8C210AA48+40]\\n'\n        stacktrace = ['\\tGetHandleVerifier [0x00007FF654BC1F52+60322]', '\\t(No symbol) [0x00007FF654B3CEC9]', '\\t(No symbol) [0x00007FF6549... '\\t(No symbol) [0x00007FF654A4F32E]', '\\t(No symbol) [0x00007FF654A4CCF2]', '\\t(No symbol) [0x00007FF654A4A18B]', ...]\n        status     = 'element click intercepted'\n        value      = {'error': 'element click intercepted', 'message': 'element click intercepted: Element <a href=\"https://testqastudio.me...) [0x00007FF654B32F9F]\\n\\tBaseThreadInitThunk [0x00007FF8C044257D+29]\\n\\tRtlUserThreadStart [0x00007FF8C210AA48+40]\\n'}\n        value_json = '{\"value\":{\"error\":\"element click intercepted\",\"message\":\"element click intercepted: Element \\\\u003Ca href=\\\\\"https://...007FF654B32F9F]\\\\n\\\\tBaseThreadInitThunk [0x00007FF8C044257D+29]\\\\n\\\\tRtlUserThreadStart [0x00007FF8C210AA48+40]\\\\n\"}}'"}, "description": "\n    Test case TC-2\n    ", "start": 1716404857392, "stop": 1716404864866, "uuid": "2b443c34-e674-40fd-8100-4a2083e8e416", "historyId": "4fdd6adba16e950b161eae73ef4ccb14", "testCaseId": "4fdd6adba16e950b161eae73ef4ccb14", "fullName": "tests.test_shop#test_products_group", "labels": [{"name": "parentSuite", "value": "tests"}, {"name": "suite", "value": "test_shop"}, {"name": "host", "value": "Notebook"}, {"name": "thread", "value": "12244-MainThread"}, {"name": "framework", "value": "pytest"}, {"name": "language", "value": "cpython3"}, {"name": "package", "value": "tests.test_shop"}]}