{"name": "test_products_group", "status": "skipped", "statusDetails": {"message": "XFAIL Wait for fix bug\n\nselenium.common.exceptions.ElementClickInterceptedException: Message: element click intercepted: Element <a href=\"https://testqastudio.me?products_group=sale\" class=\"tab-sale \">...</a> is not clickable at point (708, 748). Other element would receive the click: <div class=\"catalog-toolbar-tabs__content\">...</div>\n  (Session info: chrome=125.0.6422.61)\nStacktrace:\n\tGetHandleVerifier [0x00007FF778BF1F52+60322]\n\t(No symbol) [0x00007FF778B6CEC9]\n\t(No symbol) [0x00007FF778A27EBA]\n\t(No symbol) [0x00007FF778A7F32E]\n\t(No symbol) [0x00007FF778A7CCF2]\n\t(No symbol) [0x00007FF778A7A18B]\n\t(No symbol) [0x00007FF778A79356]\n\t(No symbol) [0x00007FF778A6B491]\n\t(No symbol) [0x00007FF778A9C21A]\n\t(No symbol) [0x00007FF778A6ADB6]\n\t(No symbol) [0x00007FF778A9C430]\n\t(No symbol) [0x00007FF778ABBC80]\n\t(No symbol) [0x00007FF778A9BFC3]\n\t(No symbol) [0x00007FF778A69617]\n\t(No symbol) [0x00007FF778A6A211]\n\tGetHandleVerifier [0x00007FF778F0949D+3301613]\n\tGetHandleVerifier [0x00007FF778F536C3+3605267]\n\tGetHandleVerifier [0x00007FF778F49440+3563664]\n\tGetHandleVerifier [0x00007FF778CA4326+790390]\n\t(No symbol) [0x00007FF778B7750F]\n\t(No symbol) [0x00007FF778B73404]\n\t(No symbol) [0x00007FF778B73592]\n\t(No symbol) [0x00007FF778B62F9F]\n\tBaseThreadInitThunk [0x00007FFC96BA257D+29]\n\tRtlUserThreadStart [0x00007FFC9762AA48+40]", "trace": "tests\\test_shop.py:48: in test_products_group\n    element.click()\n        browser    = <selenium.webdriver.chrome.webdriver.WebDriver (session=\"41cfec04f4742ef96f33ecc47f2ce163\")>\n        element    = <selenium.webdriver.remote.webelement.WebElement (session=\"41cfec04f4742ef96f33ecc47f2ce163\", element=\"f.ABA93440E1BF803791B53A87A51B74F2.d.C88BA32BFBDE3F019FC5ADFF0640C5CC.e.116\")>\n        elements   = [<selenium.webdriver.remote.webelement.WebElement (session=\"41cfec04f4742ef96f33ecc47f2ce163\", element=\"f.ABA93440E1BF...fec04f4742ef96f33ecc47f2ce163\", element=\"f.ABA93440E1BF803791B53A87A51B74F2.d.3CE6A2800201446F3752A4B73D9F7191.e.76\")>]\n        expected_menu = [('Все', '', \"[class='tab-all active']\"), ('Бестселлеры', '/?products_group=best_sellers', \"[class='tab-best_sellers '... '/?products_group=new', \"[class='tab-new ']\"), ('Распродажа товаров', '/?products_group=sale', \"[class='tab-sale ']\")]\n        item       = ('Распродажа товаров', '/?products_group=sale', \"[class='tab-sale ']\")\n        menu_element = \"[class='catalog-toolbar-tabs__content'] a\"\nenv\\Lib\\site-packages\\selenium\\webdriver\\remote\\webelement.py:94: in click\n    self._execute(Command.CLICK_ELEMENT)\n        self       = <selenium.webdriver.remote.webelement.WebElement (session=\"41cfec04f4742ef96f33ecc47f2ce163\", element=\"f.ABA93440E1BF803791B53A87A51B74F2.d.C88BA32BFBDE3F019FC5ADFF0640C5CC.e.116\")>\nenv\\Lib\\site-packages\\selenium\\webdriver\\remote\\webelement.py:395: in _execute\n    return self._parent.execute(command, params)\n        command    = 'clickElement'\n        params     = {'id': 'f.ABA93440E1BF803791B53A87A51B74F2.d.C88BA32BFBDE3F019FC5ADFF0640C5CC.e.116'}\n        self       = <selenium.webdriver.remote.webelement.WebElement (session=\"41cfec04f4742ef96f33ecc47f2ce163\", element=\"f.ABA93440E1BF803791B53A87A51B74F2.d.C88BA32BFBDE3F019FC5ADFF0640C5CC.e.116\")>\nenv\\Lib\\site-packages\\selenium\\webdriver\\remote\\webdriver.py:347: in execute\n    self.error_handler.check_response(response)\n        driver_command = 'clickElement'\n        params     = {}\n        response   = {'status': 400, 'value': '{\"value\":{\"error\":\"element click intercepted\",\"message\":\"element click intercepted: Element ...07FF778B62F9F]\\\\n\\\\tBaseThreadInitThunk [0x00007FFC96BA257D+29]\\\\n\\\\tRtlUserThreadStart [0x00007FFC9762AA48+40]\\\\n\"}}'}\n        self       = <selenium.webdriver.chrome.webdriver.WebDriver (session=\"41cfec04f4742ef96f33ecc47f2ce163\")>\nenv\\Lib\\site-packages\\selenium\\webdriver\\remote\\errorhandler.py:229: in check_response\n    raise exception_class(message, screen, stacktrace)\nE   selenium.common.exceptions.ElementClickInterceptedException: Message: element click intercepted: Element <a href=\"https://testqastudio.me?products_group=sale\" class=\"tab-sale \">...</a> is not clickable at point (708, 748). Other element would receive the click: <div class=\"catalog-toolbar-tabs__content\">...</div>\nE     (Session info: chrome=125.0.6422.61)\nE   Stacktrace:\nE   \tGetHandleVerifier [0x00007FF778BF1F52+60322]\nE   \t(No symbol) [0x00007FF778B6CEC9]\nE   \t(No symbol) [0x00007FF778A27EBA]\nE   \t(No symbol) [0x00007FF778A7F32E]\nE   \t(No symbol) [0x00007FF778A7CCF2]\nE   \t(No symbol) [0x00007FF778A7A18B]\nE   \t(No symbol) [0x00007FF778A79356]\nE   \t(No symbol) [0x00007FF778A6B491]\nE   \t(No symbol) [0x00007FF778A9C21A]\nE   \t(No symbol) [0x00007FF778A6ADB6]\nE   \t(No symbol) [0x00007FF778A9C430]\nE   \t(No symbol) [0x00007FF778ABBC80]\nE   \t(No symbol) [0x00007FF778A9BFC3]\nE   \t(No symbol) [0x00007FF778A69617]\nE   \t(No symbol) [0x00007FF778A6A211]\nE   \tGetHandleVerifier [0x00007FF778F0949D+3301613]\nE   \tGetHandleVerifier [0x00007FF778F536C3+3605267]\nE   \tGetHandleVerifier [0x00007FF778F49440+3563664]\nE   \tGetHandleVerifier [0x00007FF778CA4326+790390]\nE   \t(No symbol) [0x00007FF778B7750F]\nE   \t(No symbol) [0x00007FF778B73404]\nE   \t(No symbol) [0x00007FF778B73592]\nE   \t(No symbol) [0x00007FF778B62F9F]\nE   \tBaseThreadInitThunk [0x00007FFC96BA257D+29]\nE   \tRtlUserThreadStart [0x00007FFC9762AA48+40]\n        e          = <selenium.webdriver.remote.errorhandler.ErrorCode object at 0x000002D52C49B140>\n        error_code = 'ELEMENT_CLICK_INTERCEPTED'\n        error_codes = ['ELEMENT_CLICK_INTERCEPTED', 'ELEMENT_IS_NOT_SELECTABLE', 'ELEMENT_NOT_INTERACTABLE', 'ELEMENT_NOT_VISIBLE', 'IME_ENGINE_ACTIVATION_FAILED', 'IME_NOT_AVAILABLE', ...]\n        error_info = [64, 'element click intercepted']\n        exception_class = <class 'selenium.common.exceptions.ElementClickInterceptedException'>\n        json       = <module 'json' from 'C:\\\\Users\\\\salyk\\\\AppData\\\\Local\\\\Programs\\\\Python\\\\Python312\\\\Lib\\\\json\\\\__init__.py'>\n        message    = 'element click intercepted: Element <a href=\"https://testqastudio.me?products_group=sale\" class=\"tab-sale \">...</a> is... would receive the click: <div class=\"catalog-toolbar-tabs__content\">...</div>\\n  (Session info: chrome=125.0.6422.61)'\n        response   = {'status': 400, 'value': '{\"value\":{\"error\":\"element click intercepted\",\"message\":\"element click intercepted: Element ...07FF778B62F9F]\\\\n\\\\tBaseThreadInitThunk [0x00007FFC96BA257D+29]\\\\n\\\\tRtlUserThreadStart [0x00007FFC9762AA48+40]\\\\n\"}}'}\n        screen     = None\n        self       = <selenium.webdriver.remote.errorhandler.ErrorHandler object at 0x000002D52C522840>\n        st_value   = '\\tGetHandleVerifier [0x00007FF778BF1F52+60322]\\n\\t(No symbol) [0x00007FF778B6CEC9]\\n\\t(No symbol) [0x00007FF778A27EBA...l) [0x00007FF778B62F9F]\\n\\tBaseThreadInitThunk [0x00007FFC96BA257D+29]\\n\\tRtlUserThreadStart [0x00007FFC9762AA48+40]\\n'\n        stacktrace = ['\\tGetHandleVerifier [0x00007FF778BF1F52+60322]', '\\t(No symbol) [0x00007FF778B6CEC9]', '\\t(No symbol) [0x00007FF778A... '\\t(No symbol) [0x00007FF778A7F32E]', '\\t(No symbol) [0x00007FF778A7CCF2]', '\\t(No symbol) [0x00007FF778A7A18B]', ...]\n        status     = 'element click intercepted'\n        value      = {'error': 'element click intercepted', 'message': 'element click intercepted: Element <a href=\"https://testqastudio.me...) [0x00007FF778B62F9F]\\n\\tBaseThreadInitThunk [0x00007FFC96BA257D+29]\\n\\tRtlUserThreadStart [0x00007FFC9762AA48+40]\\n'}\n        value_json = '{\"value\":{\"error\":\"element click intercepted\",\"message\":\"element click intercepted: Element \\\\u003Ca href=\\\\\"https://...007FF778B62F9F]\\\\n\\\\tBaseThreadInitThunk [0x00007FFC96BA257D+29]\\\\n\\\\tRtlUserThreadStart [0x00007FFC9762AA48+40]\\\\n\"}}'"}, "description": "\n    Test case TC-2\n    ", "start": 1716402192542, "stop": 1716402199039, "uuid": "e0ab3836-6db9-4818-a2f3-748968133716", "historyId": "4fdd6adba16e950b161eae73ef4ccb14", "testCaseId": "4fdd6adba16e950b161eae73ef4ccb14", "fullName": "tests.test_shop#test_products_group", "labels": [{"name": "tag", "value": "@pytest.mark.xfail(reason='Wait for fix bug')"}, {"name": "parentSuite", "value": "tests"}, {"name": "suite", "value": "test_shop"}, {"name": "host", "value": "Notebook"}, {"name": "thread", "value": "3664-MainThread"}, {"name": "framework", "value": "pytest"}, {"name": "language", "value": "cpython3"}, {"name": "package", "value": "tests.test_shop"}]}